The system is: Windows - 10.0.22621 - AMD64
Compiling the C compiler identification source file "CMakeCCompilerId.c" succeeded.
Compiler: C:/Program Files/Microsoft Visual Studio/2022/Professional/VC/Tools/MSVC/14.37.32822/bin/HostX64/x64/cl.exe 
Build flags: 
Id flags:  

The output was:
0
用于 x64 的 Microsoft (R) C/C++ 优化编译器 19.37.32822 版
版权所有(C) Microsoft Corporation。保留所有权利。

CMakeCCompilerId.c
Microsoft (R) Incremental Linker Version 14.37.32822.0
Copyright (C) Microsoft Corporation.  All rights reserved.

/out:CMakeCCompilerId.exe 
CMakeCCompilerId.obj 


Compilation of the C compiler identification source "CMakeCCompilerId.c" produced "CMakeCCompilerId.exe"

Compilation of the C compiler identification source "CMakeCCompilerId.c" produced "CMakeCCompilerId.obj"

The C compiler identification is MSVC, found in "D:/Qt/workplace/Terminal/CMakeFiles/3.24.2/CompilerIdC/CMakeCCompilerId.exe"

Compiling the CXX compiler identification source file "CMakeCXXCompilerId.cpp" succeeded.
Compiler: C:/Program Files/Microsoft Visual Studio/2022/Professional/VC/Tools/MSVC/14.37.32822/bin/HostX64/x64/cl.exe 
Build flags: -DQT_QML_DEBUG
Id flags:  

The output was:
0
用于 x64 的 Microsoft (R) C/C++ 优化编译器 19.37.32822 版
版权所有(C) Microsoft Corporation。保留所有权利。

CMakeCXXCompilerId.cpp
Microsoft (R) Incremental Linker Version 14.37.32822.0
Copyright (C) Microsoft Corporation.  All rights reserved.

/out:CMakeCXXCompilerId.exe 
CMakeCXXCompilerId.obj 


Compilation of the CXX compiler identification source "CMakeCXXCompilerId.cpp" produced "CMakeCXXCompilerId.exe"

Compilation of the CXX compiler identification source "CMakeCXXCompilerId.cpp" produced "CMakeCXXCompilerId.obj"

The CXX compiler identification is MSVC, found in "D:/Qt/workplace/Terminal/CMakeFiles/3.24.2/CompilerIdCXX/CMakeCXXCompilerId.exe"

Detecting C compiler ABI info compiled with the following output:
Change Dir: D:/Qt/workplace/Terminal/CMakeFiles/CMakeTmp

Run Build Command(s):D:/Qt/Qt6.4.3/Tools/Ninja/ninja.exe cmTC_e2ef3 && [1/2] Building C object CMakeFiles\cmTC_e2ef3.dir\CMakeCCompilerABI.c.obj
[2/2] Linking C executable cmTC_e2ef3.exe



Detecting CXX compiler ABI info compiled with the following output:
Change Dir: D:/Qt/workplace/Terminal/CMakeFiles/CMakeTmp

Run Build Command(s):D:/Qt/Qt6.4.3/Tools/Ninja/ninja.exe cmTC_713a0 && [1/2] Building CXX object CMakeFiles\cmTC_713a0.dir\CMakeCXXCompilerABI.cpp.obj
[2/2] Linking CXX executable cmTC_713a0.exe



Performing C++ SOURCE FILE Test HAVE_STDATOMIC succeeded with the following output:
Change Dir: D:/Qt/workplace/Terminal/CMakeFiles/CMakeTmp

Run Build Command(s):D:/Qt/Qt6.4.3/Tools/Ninja/ninja.exe cmTC_6988f && [1/2] Building CXX object CMakeFiles\cmTC_6988f.dir\src.cxx.obj
D:\Qt\workplace\Terminal\CMakeFiles\CMakeTmp\src.cxx(17): warning C4312: “类型强制转换”: 从“unsigned int”转换到更大的“void *”
[2/2] Linking CXX executable cmTC_6988f.exe


Source file was:
#include <atomic>
#include <cstdint>

void test(volatile std::atomic<std::int64_t> &a)
{
    std::int64_t v = a.load(std::memory_order_acquire);
    while (!a.compare_exchange_strong(v, v + 1,
                                      std::memory_order_acq_rel,
                                      std::memory_order_acquire)) {
        v = a.exchange(v - 1);
    }
    a.store(v + 1, std::memory_order_release);
}

int main(int, char **)
{
    void *ptr = (void*)0xffffffc0; // any random pointer
    test(*reinterpret_cast<std::atomic<std::int64_t> *>(ptr));
    return 0;
}
